<?xml version="1.0" encoding="UTF-8"?>
<!-- Generated by org.testng.reporters.JUnitReportReporter -->
<testsuite hostname="LAPTOP-43J3MGE8" failures="0" tests="1" name="ai.ds.testLayer.LoginPageTest" time="13.909" errors="0" timestamp="2022-11-30T07:11:10 IST" skipped="0">
  <testcase classname="ai.ds.testLayer.LoginPageTest" name="verifyLoginTest" time="13.909"/>
  <system-out/>
</testsuite> <!-- ai.ds.testLayer.LoginPageTest -->
